  [1m[35m (2622.2ms)[0m  [1m[35mCREATE DATABASE "fotopx_development" ENCODING = 'unicode'[0m
  ↳ bin/rails:4
  [1m[35m (1346.6ms)[0m  [1m[35mCREATE DATABASE "fotopx_test" ENCODING = 'unicode'[0m
  ↳ bin/rails:4
  [1m[35m (19.6ms)[0m  [1m[35mCREATE TABLE "schema_migrations" ("version" character varying NOT NULL PRIMARY KEY)[0m
  ↳ bin/rails:4
  [1m[35m (7.9ms)[0m  [1m[35mCREATE TABLE "ar_internal_metadata" ("key" character varying NOT NULL PRIMARY KEY, "value" character varying, "created_at" timestamp NOT NULL, "updated_at" timestamp NOT NULL)[0m
  ↳ bin/rails:4
  [1m[35m (0.1ms)[0m  [1m[34mSELECT pg_try_advisory_lock(6926470246992583140)[0m
  ↳ bin/rails:4
  [1m[35m (4.7ms)[0m  [1m[34mSELECT "schema_migrations"."version" FROM "schema_migrations" ORDER BY "schema_migrations"."version" ASC[0m
  ↳ bin/rails:4
Migrating to CreateUsers (20200817235517)
  [1m[35m (0.2ms)[0m  [1m[35mBEGIN[0m
  ↳ bin/rails:4
  [1m[35m (15.0ms)[0m  [1m[35mCREATE TABLE "users" ("id" bigserial primary key, "username" character varying NOT NULL, "password_digest" character varying NOT NULL, "session_token" character varying NOT NULL, "created_at" timestamp NOT NULL, "updated_at" timestamp NOT NULL)[0m
  ↳ db/migrate/20200817235517_create_users.rb:3
  [1m[35m (2.6ms)[0m  [1m[35mCREATE UNIQUE INDEX  "index_users_on_username" ON "users"  ("username")[0m
  ↳ db/migrate/20200817235517_create_users.rb:9
  [1m[35m (2.7ms)[0m  [1m[35mCREATE UNIQUE INDEX  "index_users_on_session_token" ON "users"  ("session_token")[0m
  ↳ db/migrate/20200817235517_create_users.rb:10
  [1m[36mActiveRecord::SchemaMigration Create (0.5ms)[0m  [1m[32mINSERT INTO "schema_migrations" ("version") VALUES ($1) RETURNING "version"[0m  [["version", "20200817235517"]]
  ↳ bin/rails:4
  [1m[35m (1.9ms)[0m  [1m[35mCOMMIT[0m
  ↳ bin/rails:4
  [1m[36mActiveRecord::InternalMetadata Load (4.9ms)[0m  [1m[34mSELECT  "ar_internal_metadata".* FROM "ar_internal_metadata" WHERE "ar_internal_metadata"."key" = $1 LIMIT $2[0m  [["key", "environment"], ["LIMIT", 1]]
  ↳ bin/rails:4
  [1m[35m (0.2ms)[0m  [1m[35mBEGIN[0m
  ↳ bin/rails:4
  [1m[36mActiveRecord::InternalMetadata Create (0.6ms)[0m  [1m[32mINSERT INTO "ar_internal_metadata" ("key", "value", "created_at", "updated_at") VALUES ($1, $2, $3, $4) RETURNING "key"[0m  [["key", "environment"], ["value", "development"], ["created_at", "2020-08-18 00:00:39.363081"], ["updated_at", "2020-08-18 00:00:39.363081"]]
  ↳ bin/rails:4
  [1m[35m (2.3ms)[0m  [1m[35mCOMMIT[0m
  ↳ bin/rails:4
  [1m[35m (0.2ms)[0m  [1m[34mSELECT pg_advisory_unlock(6926470246992583140)[0m
  ↳ bin/rails:4
  [1m[35m (0.2ms)[0m  [1m[34mSELECT "schema_migrations"."version" FROM "schema_migrations" ORDER BY "schema_migrations"."version" ASC[0m
  ↳ bin/rails:4
  [1m[35m (11.3ms)[0m  [1m[34mSELECT "schema_migrations"."version" FROM "schema_migrations" ORDER BY "schema_migrations"."version" ASC[0m
  ↳ /home/nateg/.rbenv/versions/2.5.1/bin/annotate:23
  [1m[35m (0.7ms)[0m  [1m[34mSELECT "schema_migrations"."version" FROM "schema_migrations" ORDER BY "schema_migrations"."version" ASC[0m
  ↳ bin/rails:4
Started GET "/" for ::1 at 2020-08-18 18:34:40 -0700
  [1m[35m (1.2ms)[0m  [1m[34mSELECT "schema_migrations"."version" FROM "schema_migrations" ORDER BY "schema_migrations"."version" ASC[0m
  ↳ /home/nateg/.rbenv/versions/2.5.1/lib/ruby/gems/2.5.0/gems/activerecord-5.2.4.3/lib/active_record/log_subscriber.rb:98
Processing by Rails::WelcomeController#index as HTML
  Rendering /home/nateg/.rbenv/versions/2.5.1/lib/ruby/gems/2.5.0/gems/railties-5.2.4.3/lib/rails/templates/rails/welcome/index.html.erb
  Rendered /home/nateg/.rbenv/versions/2.5.1/lib/ruby/gems/2.5.0/gems/railties-5.2.4.3/lib/rails/templates/rails/welcome/index.html.erb (7.9ms)
Completed 200 OK in 49ms (Views: 28.8ms | ActiveRecord: 0.0ms)


Started GET "/" for ::1 at 2020-08-18 18:37:37 -0700

ActionController::RoutingError - uninitialized constant StaticPagesController:

Started POST "/__better_errors/8bf9c6c31340800d/variables" for ::1 at 2020-08-18 18:37:37 -0700
Started GET "/" for ::1 at 2020-08-18 18:38:38 -0700
Processing by StaticPagesController#root as HTML
Completed 406 Not Acceptable in 64ms (ActiveRecord: 0.0ms)



ActionController::UnknownFormat - StaticPagesController#root is missing a template for this request format and variant.

request.formats: ["text/html"]
request.variant: []

NOTE! For XHR/Ajax or API requests, this action would normally respond with 204 No Content: an empty white screen. Since you're loading it in a web browser, we assume that you expected to actually render a template, not nothing, so we're showing an error to be extra-clear. If you expect 204 No Content, carry on. That's what you'll get from an XHR or API request. Give it a shot.:

Started POST "/__better_errors/a5dc699398282435/variables" for ::1 at 2020-08-18 18:38:38 -0700
Started GET "/" for ::1 at 2020-08-18 18:44:26 -0700
Processing by StaticPagesController#root as HTML
  Rendering static_pages/root.html within layouts/application
  Rendered static_pages/root.html within layouts/application (0.3ms)
Completed 200 OK in 2180ms (Views: 2179.0ms | ActiveRecord: 0.0ms)


Started GET "/" for ::1 at 2020-08-18 18:44:53 -0700
Processing by StaticPagesController#root as HTML
  Rendering static_pages/root.html within layouts/application
  Rendered static_pages/root.html within layouts/application (0.2ms)
Completed 200 OK in 31ms (Views: 29.6ms | ActiveRecord: 0.0ms)


